0 info it worked if it ends with ok
1 verbose cli [ '/usr/local/Cellar/node/6.1.0/bin/node',
1 verbose cli   '/usr/local/bin/npm',
1 verbose cli   'start' ]
2 info using npm@3.8.6
3 info using node@v6.1.0
4 verbose run-script [ 'prestart', 'start', 'poststart' ]
5 info lifecycle SkiFree@1.0.0~prestart: SkiFree@1.0.0
6 silly lifecycle SkiFree@1.0.0~prestart: no script for prestart, continuing
7 info lifecycle SkiFree@1.0.0~start: SkiFree@1.0.0
8 verbose lifecycle SkiFree@1.0.0~start: unsafe-perm in lifecycle true
9 verbose lifecycle SkiFree@1.0.0~start: PATH: /usr/local/lib/node_modules/npm/bin/node-gyp-bin:/Users/Michael/Desktop/SkiFree/node_modules/.bin:/usr/local/Cellar/node/6.1.0/bin:/Users/Michael/.rbenv/shims:/Users/Michael/.rbenv/bin:/usr/bin:/bin:/usr/sbin:/sbin:/usr/local/bin:/Users/Michael/.rbenv/shims:/Users/Michael/.rbenv/bin:/Applications/Postgres.app/Contents/Versions/latest/bin:/Applications/Postgres.app/Contents/Versions/latest/bin
10 verbose lifecycle SkiFree@1.0.0~start: CWD: /Users/Michael/Desktop/SkiFree
11 silly lifecycle SkiFree@1.0.0~start: Args: [ '-c', './lib/bundle.js' ]
12 silly lifecycle SkiFree@1.0.0~start: Returned: code: 126  signal: null
13 info lifecycle SkiFree@1.0.0~start: Failed to exec start script
14 verbose stack Error: SkiFree@1.0.0 start: `./lib/bundle.js`
14 verbose stack Exit status 126
14 verbose stack     at EventEmitter.<anonymous> (/usr/local/lib/node_modules/npm/lib/utils/lifecycle.js:239:16)
14 verbose stack     at emitTwo (events.js:106:13)
14 verbose stack     at EventEmitter.emit (events.js:191:7)
14 verbose stack     at ChildProcess.<anonymous> (/usr/local/lib/node_modules/npm/lib/utils/spawn.js:24:14)
14 verbose stack     at emitTwo (events.js:106:13)
14 verbose stack     at ChildProcess.emit (events.js:191:7)
14 verbose stack     at maybeClose (internal/child_process.js:850:16)
14 verbose stack     at Process.ChildProcess._handle.onexit (internal/child_process.js:215:5)
15 verbose pkgid SkiFree@1.0.0
16 verbose cwd /Users/Michael/Desktop/SkiFree
17 error Darwin 15.4.0
18 error argv "/usr/local/Cellar/node/6.1.0/bin/node" "/usr/local/bin/npm" "start"
19 error node v6.1.0
20 error npm  v3.8.6
21 error code ELIFECYCLE
22 error SkiFree@1.0.0 start: `./lib/bundle.js`
22 error Exit status 126
23 error Failed at the SkiFree@1.0.0 start script './lib/bundle.js'.
23 error Make sure you have the latest version of node.js and npm installed.
23 error If you do, this is most likely a problem with the SkiFree package,
23 error not with npm itself.
23 error Tell the author that this fails on your system:
23 error     ./lib/bundle.js
23 error You can get information on how to open an issue for this project with:
23 error     npm bugs SkiFree
23 error Or if that isn't available, you can get their info via:
23 error     npm owner ls SkiFree
23 error There is likely additional logging output above.
24 verbose exit [ 1, true ]
